app/build/intermediates/manifest_merge_blame_file/debug/manifest-merger-blame-debug-report.txt
1<?xml version="1.0" encoding="utf-8"?>
2<manifest xmlns:android="http://schemas.android.com/apk/res/android"
3    package="com.android.foodorderapp"
4    android:versionCode="1"
5    android:versionName="1.0" >
6
7    <uses-sdk
8        android:minSdkVersion="24"
8-->src/main/AndroidManifest.xml
9        android:targetSdkVersion="29" />
9-->src/main/AndroidManifest.xml
10
11    <uses-permission android:name="android.permission.INTERNET" />
11-->src/main/AndroidManifest.xml:4:3-64
11-->src/main/AndroidManifest.xml:4:20-62
12
13    <!-- Although the *SdkVersion is captured in gradle build files, this is required for non gradle builds -->
14    <!-- <uses-sdk android:minSdkVersion="14"/> -->
15    <uses-permission android:name="android.permission.ACCESS_NETWORK_STATE" />
15-->[com.google.firebase:firebase-database:20.1.0] AndroidManifest.xml:24:5-79
15-->[com.google.firebase:firebase-database:20.1.0] AndroidManifest.xml:24:22-76
16
17    <application
17-->src/main/AndroidManifest.xml:5:5-22:19
18        android:allowBackup="true"
18-->src/main/AndroidManifest.xml:6:9-35
19        android:appComponentFactory="androidx.core.app.CoreComponentFactory"
19-->[androidx.core:core:1.3.1] AndroidManifest.xml:24:18-86
20        android:debuggable="true"
21        android:extractNativeLibs="false"
22        android:icon="@mipmap/ic_launcher"
22-->src/main/AndroidManifest.xml:7:9-43
23        android:label="@string/app_name"
23-->src/main/AndroidManifest.xml:8:9-41
24        android:roundIcon="@mipmap/ic_launcher_round"
24-->src/main/AndroidManifest.xml:9:9-54
25        android:supportsRtl="true"
25-->src/main/AndroidManifest.xml:10:9-35
26        android:testOnly="true"
27        android:theme="@style/Theme.FoodOrderApp" >
27-->src/main/AndroidManifest.xml:11:9-50
28        <activity android:name="com.android.foodorderapp.OrderSuccessActivity" />
28-->src/main/AndroidManifest.xml:12:9-67
28-->src/main/AndroidManifest.xml:12:19-55
29        <activity android:name="com.android.foodorderapp.CategoryMenuActivity" />
29-->src/main/AndroidManifest.xml:13:9-58
29-->src/main/AndroidManifest.xml:13:19-55
30        <activity android:name="com.android.foodorderapp.SplashActivity" >
30-->src/main/AndroidManifest.xml:14:9-20:20
30-->src/main/AndroidManifest.xml:14:19-49
31            <intent-filter>
31-->src/main/AndroidManifest.xml:15:13-19:29
32                <action android:name="android.intent.action.MAIN" />
32-->src/main/AndroidManifest.xml:16:17-69
32-->src/main/AndroidManifest.xml:16:25-66
33
34                <category android:name="android.intent.category.LAUNCHER" />
34-->src/main/AndroidManifest.xml:18:17-77
34-->src/main/AndroidManifest.xml:18:27-74
35            </intent-filter>
36        </activity>
37        <activity android:name="com.android.foodorderapp.MainActivity" />
37-->src/main/AndroidManifest.xml:21:9-50
37-->src/main/AndroidManifest.xml:21:19-47
38
39        <service
39-->[com.google.firebase:firebase-database:20.1.0] AndroidManifest.xml:28:9-34:19
40            android:name="com.google.firebase.components.ComponentDiscoveryService"
40-->[com.google.firebase:firebase-database:20.1.0] AndroidManifest.xml:29:13-84
41            android:directBootAware="true"
41-->[com.google.firebase:firebase-common:20.2.0] AndroidManifest.xml:34:13-43
42            android:exported="false" >
42-->[com.google.firebase:firebase-database:20.1.0] AndroidManifest.xml:30:13-37
43            <meta-data
43-->[com.google.firebase:firebase-database:20.1.0] AndroidManifest.xml:31:13-33:85
44                android:name="com.google.firebase.components:com.google.firebase.database.DatabaseRegistrar"
44-->[com.google.firebase:firebase-database:20.1.0] AndroidManifest.xml:32:17-109
45                android:value="com.google.firebase.components.ComponentRegistrar" />
45-->[com.google.firebase:firebase-database:20.1.0] AndroidManifest.xml:33:17-82
46        </service>
47
48        <provider
48-->[com.google.firebase:firebase-common:20.2.0] AndroidManifest.xml:25:9-30:39
49            android:name="com.google.firebase.provider.FirebaseInitProvider"
49-->[com.google.firebase:firebase-common:20.2.0] AndroidManifest.xml:26:13-77
50            android:authorities="com.android.foodorderapp.firebaseinitprovider"
50-->[com.google.firebase:firebase-common:20.2.0] AndroidManifest.xml:27:13-72
51            android:directBootAware="true"
51-->[com.google.firebase:firebase-common:20.2.0] AndroidManifest.xml:28:13-43
52            android:exported="false"
52-->[com.google.firebase:firebase-common:20.2.0] AndroidManifest.xml:29:13-37
53            android:initOrder="100" />
53-->[com.google.firebase:firebase-common:20.2.0] AndroidManifest.xml:30:13-36
54
55        <activity
55-->[com.google.android.gms:play-services-base:18.0.1] AndroidManifest.xml:20:9-22:45
56            android:name="com.google.android.gms.common.api.GoogleApiActivity"
56-->[com.google.android.gms:play-services-base:18.0.1] AndroidManifest.xml:20:19-85
57            android:exported="false"
57-->[com.google.android.gms:play-services-base:18.0.1] AndroidManifest.xml:22:19-43
58            android:theme="@android:style/Theme.Translucent.NoTitleBar" />
58-->[com.google.android.gms:play-services-base:18.0.1] AndroidManifest.xml:21:19-78
59
60        <meta-data
60-->[com.google.android.gms:play-services-basement:18.1.0] AndroidManifest.xml:21:9-23:69
61            android:name="com.google.android.gms.version"
61-->[com.google.android.gms:play-services-basement:18.1.0] AndroidManifest.xml:22:13-58
62            android:value="@integer/google_play_services_version" />
62-->[com.google.android.gms:play-services-basement:18.1.0] AndroidManifest.xml:23:13-66
63    </application>
64
65</manifest>